[debug] [2018-09-10T03:47:44.098Z] ----------------------------------------------------------------------
[debug] [2018-09-10T03:47:44.102Z] Command:       /usr/bin/node /usr/bin/firebase deploy --only hosting
[debug] [2018-09-10T03:47:44.103Z] CLI Version:   3.18.6
[debug] [2018-09-10T03:47:44.103Z] Platform:      linux
[debug] [2018-09-10T03:47:44.103Z] Node Version:  v10.7.0
[debug] [2018-09-10T03:47:44.103Z] Time:          Mon Sep 10 2018 09:17:44 GMT+0530 (GMT+05:30)
[debug] [2018-09-10T03:47:44.103Z] ----------------------------------------------------------------------
[debug] 
[debug] [2018-09-10T03:47:44.110Z] > command requires scopes: ["email","openid","https://www.googleapis.com/auth/cloudplatformprojects.readonly","https://www.googleapis.com/auth/firebase","https://www.googleapis.com/auth/cloud-platform"]
[debug] [2018-09-10T03:47:44.110Z] > authorizing via signed-in user
[debug] [2018-09-10T03:47:44.112Z] >>> HTTP REQUEST GET https://admin.firebase.com/v1/projects/student-data-management  
  
 Mon Sep 10 2018 09:17:44 GMT+0530 (GMT+05:30)
[debug] [2018-09-10T03:47:52.212Z] <<< HTTP RESPONSE 200
[debug] [2018-09-10T03:47:52.213Z] >>> HTTP REQUEST GET https://admin.firebase.com/v1/database/student-data-management/tokens  
  
 Mon Sep 10 2018 09:17:52 GMT+0530 (GMT+05:30)
[debug] [2018-09-10T03:47:56.990Z] <<< HTTP RESPONSE 200
[warn] ⚠  functions: package.json indicates an outdated version of firebase-functions.
 Please upgrade using npm install --save firebase-functions@latest in your functions directory.
[info] 
[info] === Deploying to 'student-data-management'...
[info] 
[info] i  deploying hosting
[info] i  hosting: preparing dist/studentDataManagement directory for upload...
[debug] [2018-09-10T03:48:12.196Z] >>> HTTP REQUEST PUT https://deploy.firebase.com/v1/hosting/student-data-management/uploads/-LM0a-jxSdOQGGxwUvEW?fileCount=16&message=  
  
 Mon Sep 10 2018 09:18:12 GMT+0530 (GMT+05:30)
